WARNING:tensorflow:From model_b/training.py:184: softmax_cross_entropy_with_logits (from tensorflow.python.ops.nn_ops) is deprecated and will be removed in a future version.
Instructions for updating:

Future major versions of TensorFlow will allow gradients to flow
into the labels input on backprop by default.

See `tf.nn.softmax_cross_entropy_with_logits_v2`.

2018-11-14 09:38:15.825984: I tensorflow/core/platform/cpu_feature_guard.cc:141] Your CPU supports instructions that this TensorFlow binary was not compiled to use: AVX2 FMA
2018-11-14 09:38:16.587307: I tensorflow/stream_executor/cuda/cuda_gpu_executor.cc:964] successful NUMA node read from SysFS had negative value (-1), but there must be at least one NUMA node, so returning NUMA node zero
2018-11-14 09:38:16.587653: I tensorflow/core/common_runtime/gpu/gpu_device.cc:1432] Found device 0 with properties: 
name: Tesla M60 major: 5 minor: 2 memoryClockRate(GHz): 1.1775
pciBusID: 0000:00:1e.0
totalMemory: 7.44GiB freeMemory: 7.36GiB
2018-11-14 09:38:16.587683: I tensorflow/core/common_runtime/gpu/gpu_device.cc:1511] Adding visible gpu devices: 0
2018-11-14 09:38:16.919691: I tensorflow/core/common_runtime/gpu/gpu_device.cc:982] Device interconnect StreamExecutor with strength 1 edge matrix:
2018-11-14 09:38:16.919742: I tensorflow/core/common_runtime/gpu/gpu_device.cc:988]      0 
2018-11-14 09:38:16.919752: I tensorflow/core/common_runtime/gpu/gpu_device.cc:1001] 0:   N 
2018-11-14 09:38:16.919979: I tensorflow/core/common_runtime/gpu/gpu_device.cc:1115] Created TensorFlow device (/job:localhost/replica:0/task:0/device:GPU:0 with 7096 MB memory) -> physical GPU (device: 0, name: Tesla M60, pci bus id: 0000:00:1e.0, compute capability: 5.2)
Loading train dataset...
Tensor("fully_connected_1/Softmax:0", shape=(1, 3), dtype=float32)
OpenCV(3.4.3) /io/opencv/modules/imgproc/src/resize.cpp:4044: error: (-215:Assertion failed) !ssize.empty() in function 'resize'

OpenCV(3.4.3) /io/opencv/modules/imgproc/src/resize.cpp:4044: error: (-215:Assertion failed) !ssize.empty() in function 'resize'

OpenCV(3.4.3) /io/opencv/modules/imgproc/src/resize.cpp:4044: error: (-215:Assertion failed) !ssize.empty() in function 'resize'

OpenCV(3.4.3) /io/opencv/modules/imgproc/src/resize.cpp:4044: error: (-215:Assertion failed) !ssize.empty() in function 'resize'

OpenCV(3.4.3) /io/opencv/modules/imgproc/src/resize.cpp:4044: error: (-215:Assertion failed) !ssize.empty() in function 'resize'

OpenCV(3.4.3) /io/opencv/modules/imgproc/src/resize.cpp:4044: error: (-215:Assertion failed) !ssize.empty() in function 'resize'

OpenCV(3.4.3) /io/opencv/modules/imgproc/src/resize.cpp:4044: error: (-215:Assertion failed) !ssize.empty() in function 'resize'

OpenCV(3.4.3) /io/opencv/modules/imgproc/src/resize.cpp:4044: error: (-215:Assertion failed) !ssize.empty() in function 'resize'

OpenCV(3.4.3) /io/opencv/modules/imgproc/src/resize.cpp:4044: error: (-215:Assertion failed) !ssize.empty() in function 'resize'

OpenCV(3.4.3) /io/opencv/modules/imgproc/src/resize.cpp:4044: error: (-215:Assertion failed) !ssize.empty() in function 'resize'

OpenCV(3.4.3) /io/opencv/modules/imgproc/src/resize.cpp:4044: error: (-215:Assertion failed) !ssize.empty() in function 'resize'

OpenCV(3.4.3) /io/opencv/modules/imgproc/src/resize.cpp:4044: error: (-215:Assertion failed) !ssize.empty() in function 'resize'

OpenCV(3.4.3) /io/opencv/modules/imgproc/src/resize.cpp:4044: error: (-215:Assertion failed) !ssize.empty() in function 'resize'

OpenCV(3.4.3) /io/opencv/modules/imgproc/src/resize.cpp:4044: error: (-215:Assertion failed) !ssize.empty() in function 'resize'

OpenCV(3.4.3) /io/opencv/modules/imgproc/src/resize.cpp:4044: error: (-215:Assertion failed) !ssize.empty() in function 'resize'

OpenCV(3.4.3) /io/opencv/modules/imgproc/src/resize.cpp:4044: error: (-215:Assertion failed) !ssize.empty() in function 'resize'

OpenCV(3.4.3) /io/opencv/modules/imgproc/src/resize.cpp:4044: error: (-215:Assertion failed) !ssize.empty() in function 'resize'

OpenCV(3.4.3) /io/opencv/modules/imgproc/src/resize.cpp:4044: error: (-215:Assertion failed) !ssize.empty() in function 'resize'

OpenCV(3.4.3) /io/opencv/modules/imgproc/src/resize.cpp:4044: error: (-215:Assertion failed) !ssize.empty() in function 'resize'

OpenCV(3.4.3) /io/opencv/modules/imgproc/src/resize.cpp:4044: error: (-215:Assertion failed) !ssize.empty() in function 'resize'

OpenCV(3.4.3) /io/opencv/modules/imgproc/src/resize.cpp:4044: error: (-215:Assertion failed) !ssize.empty() in function 'resize'

OpenCV(3.4.3) /io/opencv/modules/imgproc/src/resize.cpp:4044: error: (-215:Assertion failed) !ssize.empty() in function 'resize'

OpenCV(3.4.3) /io/opencv/modules/imgproc/src/resize.cpp:4044: error: (-215:Assertion failed) !ssize.empty() in function 'resize'

OpenCV(3.4.3) /io/opencv/modules/imgproc/src/resize.cpp:4044: error: (-215:Assertion failed) !ssize.empty() in function 'resize'

OpenCV(3.4.3) /io/opencv/modules/imgproc/src/resize.cpp:4044: error: (-215:Assertion failed) !ssize.empty() in function 'resize'

OpenCV(3.4.3) /io/opencv/modules/imgproc/src/resize.cpp:4044: error: (-215:Assertion failed) !ssize.empty() in function 'resize'

OpenCV(3.4.3) /io/opencv/modules/imgproc/src/resize.cpp:4044: error: (-215:Assertion failed) !ssize.empty() in function 'resize'

OpenCV(3.4.3) /io/opencv/modules/imgproc/src/resize.cpp:4044: error: (-215:Assertion failed) !ssize.empty() in function 'resize'

OpenCV(3.4.3) /io/opencv/modules/imgproc/src/resize.cpp:4044: error: (-215:Assertion failed) !ssize.empty() in function 'resize'

OpenCV(3.4.3) /io/opencv/modules/imgproc/src/resize.cpp:4044: error: (-215:Assertion failed) !ssize.empty() in function 'resize'

OpenCV(3.4.3) /io/opencv/modules/imgproc/src/resize.cpp:4044: error: (-215:Assertion failed) !ssize.empty() in function 'resize'

OpenCV(3.4.3) /io/opencv/modules/imgproc/src/resize.cpp:4044: error: (-215:Assertion failed) !ssize.empty() in function 'resize'

OpenCV(3.4.3) /io/opencv/modules/imgproc/src/resize.cpp:4044: error: (-215:Assertion failed) !ssize.empty() in function 'resize'

OpenCV(3.4.3) /io/opencv/modules/imgproc/src/resize.cpp:4044: error: (-215:Assertion failed) !ssize.empty() in function 'resize'

OpenCV(3.4.3) /io/opencv/modules/imgproc/src/resize.cpp:4044: error: (-215:Assertion failed) !ssize.empty() in function 'resize'

OpenCV(3.4.3) /io/opencv/modules/imgproc/src/resize.cpp:4044: error: (-215:Assertion failed) !ssize.empty() in function 'resize'

OpenCV(3.4.3) /io/opencv/modules/imgproc/src/resize.cpp:4044: error: (-215:Assertion failed) !ssize.empty() in function 'resize'

OpenCV(3.4.3) /io/opencv/modules/imgproc/src/resize.cpp:4044: error: (-215:Assertion failed) !ssize.empty() in function 'resize'

OpenCV(3.4.3) /io/opencv/modules/imgproc/src/resize.cpp:4044: error: (-215:Assertion failed) !ssize.empty() in function 'resize'

OpenCV(3.4.3) /io/opencv/modules/imgproc/src/resize.cpp:4044: error: (-215:Assertion failed) !ssize.empty() in function 'resize'

OpenCV(3.4.3) /io/opencv/modules/imgproc/src/resize.cpp:4044: error: (-215:Assertion failed) !ssize.empty() in function 'resize'

OpenCV(3.4.3) /io/opencv/modules/imgproc/src/resize.cpp:4044: error: (-215:Assertion failed) !ssize.empty() in function 'resize'

OpenCV(3.4.3) /io/opencv/modules/imgproc/src/resize.cpp:4044: error: (-215:Assertion failed) !ssize.empty() in function 'resize'

OpenCV(3.4.3) /io/opencv/modules/imgproc/src/resize.cpp:4044: error: (-215:Assertion failed) !ssize.empty() in function 'resize'

OpenCV(3.4.3) /io/opencv/modules/imgproc/src/resize.cpp:4044: error: (-215:Assertion failed) !ssize.empty() in function 'resize'

OpenCV(3.4.3) /io/opencv/modules/imgproc/src/resize.cpp:4044: error: (-215:Assertion failed) !ssize.empty() in function 'resize'

OpenCV(3.4.3) /io/opencv/modules/imgproc/src/resize.cpp:4044: error: (-215:Assertion failed) !ssize.empty() in function 'resize'

OpenCV(3.4.3) /io/opencv/modules/imgproc/src/resize.cpp:4044: error: (-215:Assertion failed) !ssize.empty() in function 'resize'

OpenCV(3.4.3) /io/opencv/modules/imgproc/src/resize.cpp:4044: error: (-215:Assertion failed) !ssize.empty() in function 'resize'

OpenCV(3.4.3) /io/opencv/modules/imgproc/src/resize.cpp:4044: error: (-215:Assertion failed) !ssize.empty() in function 'resize'

OpenCV(3.4.3) /io/opencv/modules/imgproc/src/resize.cpp:4044: error: (-215:Assertion failed) !ssize.empty() in function 'resize'

OpenCV(3.4.3) /io/opencv/modules/imgproc/src/resize.cpp:4044: error: (-215:Assertion failed) !ssize.empty() in function 'resize'

OpenCV(3.4.3) /io/opencv/modules/imgproc/src/resize.cpp:4044: error: (-215:Assertion failed) !ssize.empty() in function 'resize'

OpenCV(3.4.3) /io/opencv/modules/imgproc/src/resize.cpp:4044: error: (-215:Assertion failed) !ssize.empty() in function 'resize'

OpenCV(3.4.3) /io/opencv/modules/imgproc/src/resize.cpp:4044: error: (-215:Assertion failed) !ssize.empty() in function 'resize'

OpenCV(3.4.3) /io/opencv/modules/imgproc/src/resize.cpp:4044: error: (-215:Assertion failed) !ssize.empty() in function 'resize'

OpenCV(3.4.3) /io/opencv/modules/imgproc/src/resize.cpp:4044: error: (-215:Assertion failed) !ssize.empty() in function 'resize'

OpenCV(3.4.3) /io/opencv/modules/imgproc/src/resize.cpp:4044: error: (-215:Assertion failed) !ssize.empty() in function 'resize'

OpenCV(3.4.3) /io/opencv/modules/imgproc/src/resize.cpp:4044: error: (-215:Assertion failed) !ssize.empty() in function 'resize'

OpenCV(3.4.3) /io/opencv/modules/imgproc/src/resize.cpp:4044: error: (-215:Assertion failed) !ssize.empty() in function 'resize'

OpenCV(3.4.3) /io/opencv/modules/imgproc/src/resize.cpp:4044: error: (-215:Assertion failed) !ssize.empty() in function 'resize'

OpenCV(3.4.3) /io/opencv/modules/imgproc/src/resize.cpp:4044: error: (-215:Assertion failed) !ssize.empty() in function 'resize'

OpenCV(3.4.3) /io/opencv/modules/imgproc/src/resize.cpp:4044: error: (-215:Assertion failed) !ssize.empty() in function 'resize'

OpenCV(3.4.3) /io/opencv/modules/imgproc/src/resize.cpp:4044: error: (-215:Assertion failed) !ssize.empty() in function 'resize'

OpenCV(3.4.3) /io/opencv/modules/imgproc/src/resize.cpp:4044: error: (-215:Assertion failed) !ssize.empty() in function 'resize'

OpenCV(3.4.3) /io/opencv/modules/imgproc/src/resize.cpp:4044: error: (-215:Assertion failed) !ssize.empty() in function 'resize'

OpenCV(3.4.3) /io/opencv/modules/imgproc/src/resize.cpp:4044: error: (-215:Assertion failed) !ssize.empty() in function 'resize'

OpenCV(3.4.3) /io/opencv/modules/imgproc/src/resize.cpp:4044: error: (-215:Assertion failed) !ssize.empty() in function 'resize'

OpenCV(3.4.3) /io/opencv/modules/imgproc/src/resize.cpp:4044: error: (-215:Assertion failed) !ssize.empty() in function 'resize'

OpenCV(3.4.3) /io/opencv/modules/imgproc/src/resize.cpp:4044: error: (-215:Assertion failed) !ssize.empty() in function 'resize'

OpenCV(3.4.3) /io/opencv/modules/imgproc/src/resize.cpp:4044: error: (-215:Assertion failed) !ssize.empty() in function 'resize'

OpenCV(3.4.3) /io/opencv/modules/imgproc/src/resize.cpp:4044: error: (-215:Assertion failed) !ssize.empty() in function 'resize'

OpenCV(3.4.3) /io/opencv/modules/imgproc/src/resize.cpp:4044: error: (-215:Assertion failed) !ssize.empty() in function 'resize'

OpenCV(3.4.3) /io/opencv/modules/imgproc/src/resize.cpp:4044: error: (-215:Assertion failed) !ssize.empty() in function 'resize'

OpenCV(3.4.3) /io/opencv/modules/imgproc/src/resize.cpp:4044: error: (-215:Assertion failed) !ssize.empty() in function 'resize'

OpenCV(3.4.3) /io/opencv/modules/imgproc/src/resize.cpp:4044: error: (-215:Assertion failed) !ssize.empty() in function 'resize'

OpenCV(3.4.3) /io/opencv/modules/imgproc/src/resize.cpp:4044: error: (-215:Assertion failed) !ssize.empty() in function 'resize'

OpenCV(3.4.3) /io/opencv/modules/imgproc/src/resize.cpp:4044: error: (-215:Assertion failed) !ssize.empty() in function 'resize'

OpenCV(3.4.3) /io/opencv/modules/imgproc/src/resize.cpp:4044: error: (-215:Assertion failed) !ssize.empty() in function 'resize'

OpenCV(3.4.3) /io/opencv/modules/imgproc/src/resize.cpp:4044: error: (-215:Assertion failed) !ssize.empty() in function 'resize'

OpenCV(3.4.3) /io/opencv/modules/imgproc/src/resize.cpp:4044: error: (-215:Assertion failed) !ssize.empty() in function 'resize'

OpenCV(3.4.3) /io/opencv/modules/imgproc/src/resize.cpp:4044: error: (-215:Assertion failed) !ssize.empty() in function 'resize'

OpenCV(3.4.3) /io/opencv/modules/imgproc/src/resize.cpp:4044: error: (-215:Assertion failed) !ssize.empty() in function 'resize'

OpenCV(3.4.3) /io/opencv/modules/imgproc/src/resize.cpp:4044: error: (-215:Assertion failed) !ssize.empty() in function 'resize'

OpenCV(3.4.3) /io/opencv/modules/imgproc/src/resize.cpp:4044: error: (-215:Assertion failed) !ssize.empty() in function 'resize'

OpenCV(3.4.3) /io/opencv/modules/imgproc/src/resize.cpp:4044: error: (-215:Assertion failed) !ssize.empty() in function 'resize'

OpenCV(3.4.3) /io/opencv/modules/imgproc/src/resize.cpp:4044: error: (-215:Assertion failed) !ssize.empty() in function 'resize'

OpenCV(3.4.3) /io/opencv/modules/imgproc/src/resize.cpp:4044: error: (-215:Assertion failed) !ssize.empty() in function 'resize'

OpenCV(3.4.3) /io/opencv/modules/imgproc/src/resize.cpp:4044: error: (-215:Assertion failed) !ssize.empty() in function 'resize'

OpenCV(3.4.3) /io/opencv/modules/imgproc/src/resize.cpp:4044: error: (-215:Assertion failed) !ssize.empty() in function 'resize'

OpenCV(3.4.3) /io/opencv/modules/imgproc/src/resize.cpp:4044: error: (-215:Assertion failed) !ssize.empty() in function 'resize'

OpenCV(3.4.3) /io/opencv/modules/imgproc/src/resize.cpp:4044: error: (-215:Assertion failed) !ssize.empty() in function 'resize'

OpenCV(3.4.3) /io/opencv/modules/imgproc/src/resize.cpp:4044: error: (-215:Assertion failed) !ssize.empty() in function 'resize'

OpenCV(3.4.3) /io/opencv/modules/imgproc/src/resize.cpp:4044: error: (-215:Assertion failed) !ssize.empty() in function 'resize'

OpenCV(3.4.3) /io/opencv/modules/imgproc/src/resize.cpp:4044: error: (-215:Assertion failed) !ssize.empty() in function 'resize'

OpenCV(3.4.3) /io/opencv/modules/imgproc/src/resize.cpp:4044: error: (-215:Assertion failed) !ssize.empty() in function 'resize'

OpenCV(3.4.3) /io/opencv/modules/imgproc/src/resize.cpp:4044: error: (-215:Assertion failed) !ssize.empty() in function 'resize'

OpenCV(3.4.3) /io/opencv/modules/imgproc/src/resize.cpp:4044: error: (-215:Assertion failed) !ssize.empty() in function 'resize'

OpenCV(3.4.3) /io/opencv/modules/imgproc/src/resize.cpp:4044: error: (-215:Assertion failed) !ssize.empty() in function 'resize'

OpenCV(3.4.3) /io/opencv/modules/imgproc/src/resize.cpp:4044: error: (-215:Assertion failed) !ssize.empty() in function 'resize'

OpenCV(3.4.3) /io/opencv/modules/imgproc/src/resize.cpp:4044: error: (-215:Assertion failed) !ssize.empty() in function 'resize'

OpenCV(3.4.3) /io/opencv/modules/imgproc/src/resize.cpp:4044: error: (-215:Assertion failed) !ssize.empty() in function 'resize'

OpenCV(3.4.3) /io/opencv/modules/imgproc/src/resize.cpp:4044: error: (-215:Assertion failed) !ssize.empty() in function 'resize'

OpenCV(3.4.3) /io/opencv/modules/imgproc/src/resize.cpp:4044: error: (-215:Assertion failed) !ssize.empty() in function 'resize'

OpenCV(3.4.3) /io/opencv/modules/imgproc/src/resize.cpp:4044: error: (-215:Assertion failed) !ssize.empty() in function 'resize'

OpenCV(3.4.3) /io/opencv/modules/imgproc/src/resize.cpp:4044: error: (-215:Assertion failed) !ssize.empty() in function 'resize'

OpenCV(3.4.3) /io/opencv/modules/imgproc/src/resize.cpp:4044: error: (-215:Assertion failed) !ssize.empty() in function 'resize'

OpenCV(3.4.3) /io/opencv/modules/imgproc/src/resize.cpp:4044: error: (-215:Assertion failed) !ssize.empty() in function 'resize'

OpenCV(3.4.3) /io/opencv/modules/imgproc/src/resize.cpp:4044: error: (-215:Assertion failed) !ssize.empty() in function 'resize'

OpenCV(3.4.3) /io/opencv/modules/imgproc/src/resize.cpp:4044: error: (-215:Assertion failed) !ssize.empty() in function 'resize'

OpenCV(3.4.3) /io/opencv/modules/imgproc/src/resize.cpp:4044: error: (-215:Assertion failed) !ssize.empty() in function 'resize'

OpenCV(3.4.3) /io/opencv/modules/imgproc/src/resize.cpp:4044: error: (-215:Assertion failed) !ssize.empty() in function 'resize'

OpenCV(3.4.3) /io/opencv/modules/imgproc/src/resize.cpp:4044: error: (-215:Assertion failed) !ssize.empty() in function 'resize'

OpenCV(3.4.3) /io/opencv/modules/imgproc/src/resize.cpp:4044: error: (-215:Assertion failed) !ssize.empty() in function 'resize'

OpenCV(3.4.3) /io/opencv/modules/imgproc/src/resize.cpp:4044: error: (-215:Assertion failed) !ssize.empty() in function 'resize'

OpenCV(3.4.3) /io/opencv/modules/imgproc/src/resize.cpp:4044: error: (-215:Assertion failed) !ssize.empty() in function 'resize'

OpenCV(3.4.3) /io/opencv/modules/imgproc/src/resize.cpp:4044: error: (-215:Assertion failed) !ssize.empty() in function 'resize'

OpenCV(3.4.3) /io/opencv/modules/imgproc/src/resize.cpp:4044: error: (-215:Assertion failed) !ssize.empty() in function 'resize'

OpenCV(3.4.3) /io/opencv/modules/imgproc/src/resize.cpp:4044: error: (-215:Assertion failed) !ssize.empty() in function 'resize'

OpenCV(3.4.3) /io/opencv/modules/imgproc/src/resize.cpp:4044: error: (-215:Assertion failed) !ssize.empty() in function 'resize'

OpenCV(3.4.3) /io/opencv/modules/imgproc/src/resize.cpp:4044: error: (-215:Assertion failed) !ssize.empty() in function 'resize'

OpenCV(3.4.3) /io/opencv/modules/imgproc/src/resize.cpp:4044: error: (-215:Assertion failed) !ssize.empty() in function 'resize'

OpenCV(3.4.3) /io/opencv/modules/imgproc/src/resize.cpp:4044: error: (-215:Assertion failed) !ssize.empty() in function 'resize'

OpenCV(3.4.3) /io/opencv/modules/imgproc/src/resize.cpp:4044: error: (-215:Assertion failed) !ssize.empty() in function 'resize'

OpenCV(3.4.3) /io/opencv/modules/imgproc/src/resize.cpp:4044: error: (-215:Assertion failed) !ssize.empty() in function 'resize'

OpenCV(3.4.3) /io/opencv/modules/imgproc/src/resize.cpp:4044: error: (-215:Assertion failed) !ssize.empty() in function 'resize'

OpenCV(3.4.3) /io/opencv/modules/imgproc/src/resize.cpp:4044: error: (-215:Assertion failed) !ssize.empty() in function 'resize'

OpenCV(3.4.3) /io/opencv/modules/imgproc/src/resize.cpp:4044: error: (-215:Assertion failed) !ssize.empty() in function 'resize'

OpenCV(3.4.3) /io/opencv/modules/imgproc/src/resize.cpp:4044: error: (-215:Assertion failed) !ssize.empty() in function 'resize'

OpenCV(3.4.3) /io/opencv/modules/imgproc/src/resize.cpp:4044: error: (-215:Assertion failed) !ssize.empty() in function 'resize'

OpenCV(3.4.3) /io/opencv/modules/imgproc/src/resize.cpp:4044: error: (-215:Assertion failed) !ssize.empty() in function 'resize'

OpenCV(3.4.3) /io/opencv/modules/imgproc/src/resize.cpp:4044: error: (-215:Assertion failed) !ssize.empty() in function 'resize'

OpenCV(3.4.3) /io/opencv/modules/imgproc/src/resize.cpp:4044: error: (-215:Assertion failed) !ssize.empty() in function 'resize'

OpenCV(3.4.3) /io/opencv/modules/imgproc/src/resize.cpp:4044: error: (-215:Assertion failed) !ssize.empty() in function 'resize'

OpenCV(3.4.3) /io/opencv/modules/imgproc/src/resize.cpp:4044: error: (-215:Assertion failed) !ssize.empty() in function 'resize'

OpenCV(3.4.3) /io/opencv/modules/imgproc/src/resize.cpp:4044: error: (-215:Assertion failed) !ssize.empty() in function 'resize'

OpenCV(3.4.3) /io/opencv/modules/imgproc/src/resize.cpp:4044: error: (-215:Assertion failed) !ssize.empty() in function 'resize'

OpenCV(3.4.3) /io/opencv/modules/imgproc/src/resize.cpp:4044: error: (-215:Assertion failed) !ssize.empty() in function 'resize'

OpenCV(3.4.3) /io/opencv/modules/imgproc/src/resize.cpp:4044: error: (-215:Assertion failed) !ssize.empty() in function 'resize'

OpenCV(3.4.3) /io/opencv/modules/imgproc/src/resize.cpp:4044: error: (-215:Assertion failed) !ssize.empty() in function 'resize'

OpenCV(3.4.3) /io/opencv/modules/imgproc/src/resize.cpp:4044: error: (-215:Assertion failed) !ssize.empty() in function 'resize'

OpenCV(3.4.3) /io/opencv/modules/imgproc/src/resize.cpp:4044: error: (-215:Assertion failed) !ssize.empty() in function 'resize'

OpenCV(3.4.3) /io/opencv/modules/imgproc/src/resize.cpp:4044: error: (-215:Assertion failed) !ssize.empty() in function 'resize'

OpenCV(3.4.3) /io/opencv/modules/imgproc/src/resize.cpp:4044: error: (-215:Assertion failed) !ssize.empty() in function 'resize'

OpenCV(3.4.3) /io/opencv/modules/imgproc/src/resize.cpp:4044: error: (-215:Assertion failed) !ssize.empty() in function 'resize'

OpenCV(3.4.3) /io/opencv/modules/imgproc/src/resize.cpp:4044: error: (-215:Assertion failed) !ssize.empty() in function 'resize'

OpenCV(3.4.3) /io/opencv/modules/imgproc/src/resize.cpp:4044: error: (-215:Assertion failed) !ssize.empty() in function 'resize'

OpenCV(3.4.3) /io/opencv/modules/imgproc/src/resize.cpp:4044: error: (-215:Assertion failed) !ssize.empty() in function 'resize'

OpenCV(3.4.3) /io/opencv/modules/imgproc/src/resize.cpp:4044: error: (-215:Assertion failed) !ssize.empty() in function 'resize'

OpenCV(3.4.3) /io/opencv/modules/imgproc/src/resize.cpp:4044: error: (-215:Assertion failed) !ssize.empty() in function 'resize'

OpenCV(3.4.3) /io/opencv/modules/imgproc/src/resize.cpp:4044: error: (-215:Assertion failed) !ssize.empty() in function 'resize'

OpenCV(3.4.3) /io/opencv/modules/imgproc/src/resize.cpp:4044: error: (-215:Assertion failed) !ssize.empty() in function 'resize'

OpenCV(3.4.3) /io/opencv/modules/imgproc/src/resize.cpp:4044: error: (-215:Assertion failed) !ssize.empty() in function 'resize'

OpenCV(3.4.3) /io/opencv/modules/imgproc/src/resize.cpp:4044: error: (-215:Assertion failed) !ssize.empty() in function 'resize'

OpenCV(3.4.3) /io/opencv/modules/imgproc/src/resize.cpp:4044: error: (-215:Assertion failed) !ssize.empty() in function 'resize'

OpenCV(3.4.3) /io/opencv/modules/imgproc/src/resize.cpp:4044: error: (-215:Assertion failed) !ssize.empty() in function 'resize'

OpenCV(3.4.3) /io/opencv/modules/imgproc/src/resize.cpp:4044: error: (-215:Assertion failed) !ssize.empty() in function 'resize'

OpenCV(3.4.3) /io/opencv/modules/imgproc/src/resize.cpp:4044: error: (-215:Assertion failed) !ssize.empty() in function 'resize'

OpenCV(3.4.3) /io/opencv/modules/imgproc/src/resize.cpp:4044: error: (-215:Assertion failed) !ssize.empty() in function 'resize'

OpenCV(3.4.3) /io/opencv/modules/imgproc/src/resize.cpp:4044: error: (-215:Assertion failed) !ssize.empty() in function 'resize'

OpenCV(3.4.3) /io/opencv/modules/imgproc/src/resize.cpp:4044: error: (-215:Assertion failed) !ssize.empty() in function 'resize'

OpenCV(3.4.3) /io/opencv/modules/imgproc/src/resize.cpp:4044: error: (-215:Assertion failed) !ssize.empty() in function 'resize'

OpenCV(3.4.3) /io/opencv/modules/imgproc/src/resize.cpp:4044: error: (-215:Assertion failed) !ssize.empty() in function 'resize'

OpenCV(3.4.3) /io/opencv/modules/imgproc/src/resize.cpp:4044: error: (-215:Assertion failed) !ssize.empty() in function 'resize'

OpenCV(3.4.3) /io/opencv/modules/imgproc/src/resize.cpp:4044: error: (-215:Assertion failed) !ssize.empty() in function 'resize'

OpenCV(3.4.3) /io/opencv/modules/imgproc/src/resize.cpp:4044: error: (-215:Assertion failed) !ssize.empty() in function 'resize'

OpenCV(3.4.3) /io/opencv/modules/imgproc/src/resize.cpp:4044: error: (-215:Assertion failed) !ssize.empty() in function 'resize'

OpenCV(3.4.3) /io/opencv/modules/imgproc/src/resize.cpp:4044: error: (-215:Assertion failed) !ssize.empty() in function 'resize'

OpenCV(3.4.3) /io/opencv/modules/imgproc/src/resize.cpp:4044: error: (-215:Assertion failed) !ssize.empty() in function 'resize'

OpenCV(3.4.3) /io/opencv/modules/imgproc/src/resize.cpp:4044: error: (-215:Assertion failed) !ssize.empty() in function 'resize'

OpenCV(3.4.3) /io/opencv/modules/imgproc/src/resize.cpp:4044: error: (-215:Assertion failed) !ssize.empty() in function 'resize'

OpenCV(3.4.3) /io/opencv/modules/imgproc/src/resize.cpp:4044: error: (-215:Assertion failed) !ssize.empty() in function 'resize'

OpenCV(3.4.3) /io/opencv/modules/imgproc/src/resize.cpp:4044: error: (-215:Assertion failed) !ssize.empty() in function 'resize'

OpenCV(3.4.3) /io/opencv/modules/imgproc/src/resize.cpp:4044: error: (-215:Assertion failed) !ssize.empty() in function 'resize'

OpenCV(3.4.3) /io/opencv/modules/imgproc/src/resize.cpp:4044: error: (-215:Assertion failed) !ssize.empty() in function 'resize'

OpenCV(3.4.3) /io/opencv/modules/imgproc/src/resize.cpp:4044: error: (-215:Assertion failed) !ssize.empty() in function 'resize'

OpenCV(3.4.3) /io/opencv/modules/imgproc/src/resize.cpp:4044: error: (-215:Assertion failed) !ssize.empty() in function 'resize'

OpenCV(3.4.3) /io/opencv/modules/imgproc/src/resize.cpp:4044: error: (-215:Assertion failed) !ssize.empty() in function 'resize'

OpenCV(3.4.3) /io/opencv/modules/imgproc/src/resize.cpp:4044: error: (-215:Assertion failed) !ssize.empty() in function 'resize'

OpenCV(3.4.3) /io/opencv/modules/imgproc/src/resize.cpp:4044: error: (-215:Assertion failed) !ssize.empty() in function 'resize'

OpenCV(3.4.3) /io/opencv/modules/imgproc/src/resize.cpp:4044: error: (-215:Assertion failed) !ssize.empty() in function 'resize'

OpenCV(3.4.3) /io/opencv/modules/imgproc/src/resize.cpp:4044: error: (-215:Assertion failed) !ssize.empty() in function 'resize'

OpenCV(3.4.3) /io/opencv/modules/imgproc/src/resize.cpp:4044: error: (-215:Assertion failed) !ssize.empty() in function 'resize'

OpenCV(3.4.3) /io/opencv/modules/imgproc/src/resize.cpp:4044: error: (-215:Assertion failed) !ssize.empty() in function 'resize'

OpenCV(3.4.3) /io/opencv/modules/imgproc/src/resize.cpp:4044: error: (-215:Assertion failed) !ssize.empty() in function 'resize'

Loading test dataset...
('List of test patients ', '02501')
Size of Dataset: 
('Training Set : ', 386)
('Validation Set : ', 128)
('Test Set : ', 128)
Started Training...
('Epoch ', 0, ' Training Accuracy: ', 0.9739583, ' Training Loss: ', 0.6606378, ' Validation Accuracy: ', 1.0, ' Validation Loss: ', 0.55144644)
(' Test Accuracy: ', 1.0, ' Test Loss: ', 0.55144584)
('Epoch ', 1, ' Training Accuracy: ', 0.9869792, ' Training Loss: ', 0.6060414, ' Validation Accuracy: ', 1.0, ' Validation Loss: ', 0.5514457)
(' Test Accuracy: ', 1.0, ' Test Loss: ', 0.5514453)
('Epoch ', 2, ' Training Accuracy: ', 0.9913194, ' Training Loss: ', 0.58784246, ' Validation Accuracy: ', 1.0, ' Validation Loss: ', 0.5514454)
(' Test Accuracy: ', 1.0, ' Test Loss: ', 0.5514451)
('Epoch ', 3, ' Training Accuracy: ', 0.99348956, ' Training Loss: ', 0.57874304, ' Validation Accuracy: ', 1.0, ' Validation Loss: ', 0.5514453)
(' Test Accuracy: ', 1.0, ' Test Loss: ', 0.551445)
('Epoch ', 4, ' Training Accuracy: ', 0.9947917, ' Training Loss: ', 0.5732834, ' Validation Accuracy: ', 1.0, ' Validation Loss: ', 0.55144525)
(' Test Accuracy: ', 1.0, ' Test Loss: ', 0.551445)
('Epoch ', 5, ' Training Accuracy: ', 0.9956597, ' Training Loss: ', 0.5696436, ' Validation Accuracy: ', 1.0, ' Validation Loss: ', 0.5514452)
(' Test Accuracy: ', 1.0, ' Test Loss: ', 0.55144495)
('Epoch ', 6, ' Training Accuracy: ', 0.9962798, ' Training Loss: ', 0.5670438, ' Validation Accuracy: ', 1.0, ' Validation Loss: ', 0.5514451)
(' Test Accuracy: ', 1.0, ' Test Loss: ', 0.55144495)
('Epoch ', 7, ' Training Accuracy: ', 0.9967448, ' Training Loss: ', 0.5650938, ' Validation Accuracy: ', 1.0, ' Validation Loss: ', 0.5514452)
(' Test Accuracy: ', 1.0, ' Test Loss: ', 0.5514449)
('Epoch ', 8, ' Training Accuracy: ', 0.9971065, ' Training Loss: ', 0.5635773, ' Validation Accuracy: ', 1.0, ' Validation Loss: ', 0.5514451)
(' Test Accuracy: ', 1.0, ' Test Loss: ', 0.5514449)
('Epoch ', 9, ' Training Accuracy: ', 0.9973958, ' Training Loss: ', 0.56236404, ' Validation Accuracy: ', 1.0, ' Validation Loss: ', 0.55144507)
(' Test Accuracy: ', 1.0, ' Test Loss: ', 0.5514449)
('Epoch ', 10, ' Training Accuracy: ', 0.99763256, ' Training Loss: ', 0.56137145, ' Validation Accuracy: ', 1.0, ' Validation Loss: ', 0.55144507)
(' Test Accuracy: ', 1.0, ' Test Loss: ', 0.55144495)
('Epoch ', 11, ' Training Accuracy: ', 0.99782985, ' Training Loss: ', 0.5605442, ' Validation Accuracy: ', 1.0, ' Validation Loss: ', 0.551445)
(' Test Accuracy: ', 1.0, ' Test Loss: ', 0.5514448)
('Epoch ', 12, ' Training Accuracy: ', 0.9979968, ' Training Loss: ', 0.5598442, ' Validation Accuracy: ', 1.0, ' Validation Loss: ', 0.551445)
(' Test Accuracy: ', 1.0, ' Test Loss: ', 0.5514449)
('Epoch ', 13, ' Training Accuracy: ', 0.99813986, ' Training Loss: ', 0.5592443, ' Validation Accuracy: ', 1.0, ' Validation Loss: ', 0.551445)
(' Test Accuracy: ', 1.0, ' Test Loss: ', 0.5514449)
('Epoch ', 14, ' Training Accuracy: ', 0.9982639, ' Training Loss: ', 0.5587243, ' Validation Accuracy: ', 1.0, ' Validation Loss: ', 0.551445)
(' Test Accuracy: ', 1.0, ' Test Loss: ', 0.5514448)
('Epoch ', 15, ' Training Accuracy: ', 0.9983724, ' Training Loss: ', 0.55826926, ' Validation Accuracy: ', 1.0, ' Validation Loss: ', 0.55144507)
(' Test Accuracy: ', 1.0, ' Test Loss: ', 0.5514448)
('Epoch ', 16, ' Training Accuracy: ', 0.99846816, ' Training Loss: ', 0.5578678, ' Validation Accuracy: ', 1.0, ' Validation Loss: ', 0.551445)
(' Test Accuracy: ', 1.0, ' Test Loss: ', 0.5514448)
('Epoch ', 17, ' Training Accuracy: ', 0.9985532, ' Training Loss: ', 0.55751103, ' Validation Accuracy: ', 1.0, ' Validation Loss: ', 0.551445)
(' Test Accuracy: ', 1.0, ' Test Loss: ', 0.5514448)
('Epoch ', 18, ' Training Accuracy: ', 0.9986294, ' Training Loss: ', 0.5571917, ' Validation Accuracy: ', 1.0, ' Validation Loss: ', 0.55144495)
(' Test Accuracy: ', 1.0, ' Test Loss: ', 0.5514448)
('Epoch ', 19, ' Training Accuracy: ', 0.99869794, ' Training Loss: ', 0.55690444, ' Validation Accuracy: ', 1.0, ' Validation Loss: ', 0.55144495)
(' Test Accuracy: ', 1.0, ' Test Loss: ', 0.5514448)
('Epoch ', 20, ' Training Accuracy: ', 0.9987599, ' Training Loss: ', 0.55664444, ' Validation Accuracy: ', 1.0, ' Validation Loss: ', 0.551445)
(' Test Accuracy: ', 1.0, ' Test Loss: ', 0.5514448)
('Epoch ', 21, ' Training Accuracy: ', 0.9988163, ' Training Loss: ', 0.55640805, ' Validation Accuracy: ', 1.0, ' Validation Loss: ', 0.551445)
(' Test Accuracy: ', 1.0, ' Test Loss: ', 0.5514448)
('Epoch ', 22, ' Training Accuracy: ', 0.99886775, ' Training Loss: ', 0.5561923, ' Validation Accuracy: ', 1.0, ' Validation Loss: ', 0.55144495)
(' Test Accuracy: ', 1.0, ' Test Loss: ', 0.5514448)
('Epoch ', 23, ' Training Accuracy: ', 0.99891496, ' Training Loss: ', 0.5559944, ' Validation Accuracy: ', 1.0, ' Validation Loss: ', 0.551445)
(' Test Accuracy: ', 1.0, ' Test Loss: ', 0.5514448)
('Epoch ', 24, ' Training Accuracy: ', 0.99895835, ' Training Loss: ', 0.5558124, ' Validation Accuracy: ', 1.0, ' Validation Loss: ', 0.551445)
(' Test Accuracy: ', 1.0, ' Test Loss: ', 0.5514448)
('Epoch ', 25, ' Training Accuracy: ', 0.9989984, ' Training Loss: ', 0.55564445, ' Validation Accuracy: ', 1.0, ' Validation Loss: ', 0.55144495)
(' Test Accuracy: ', 1.0, ' Test Loss: ', 0.5514448)
('Epoch ', 26, ' Training Accuracy: ', 0.9990355, ' Training Loss: ', 0.5554889, ' Validation Accuracy: ', 1.0, ' Validation Loss: ', 0.55144495)
(' Test Accuracy: ', 1.0, ' Test Loss: ', 0.5514448)
('Epoch ', 27, ' Training Accuracy: ', 0.9990699, ' Training Loss: ', 0.55534446, ' Validation Accuracy: ', 1.0, ' Validation Loss: ', 0.55144495)
(' Test Accuracy: ', 1.0, ' Test Loss: ', 0.5514448)
('Epoch ', 28, ' Training Accuracy: ', 0.999102, ' Training Loss: ', 0.55521, ' Validation Accuracy: ', 1.0, ' Validation Loss: ', 0.55144495)
(' Test Accuracy: ', 1.0, ' Test Loss: ', 0.5514448)
('Epoch ', 29, ' Training Accuracy: ', 0.9991319, ' Training Loss: ', 0.55508447, ' Validation Accuracy: ', 1.0, ' Validation Loss: ', 0.5514449)
(' Test Accuracy: ', 1.0, ' Test Loss: ', 0.55144477)
('Epoch ', 30, ' Training Accuracy: ', 0.99915993, ' Training Loss: ', 0.5549671, ' Validation Accuracy: ', 1.0, ' Validation Loss: ', 0.5514449)
(' Test Accuracy: ', 1.0, ' Test Loss: ', 0.55144477)
('Epoch ', 31, ' Training Accuracy: ', 0.9991862, ' Training Loss: ', 0.554857, ' Validation Accuracy: ', 1.0, ' Validation Loss: ', 0.551445)
(' Test Accuracy: ', 1.0, ' Test Loss: ', 0.55144477)
('Epoch ', 32, ' Training Accuracy: ', 0.99921083, ' Training Loss: ', 0.5547536, ' Validation Accuracy: ', 1.0, ' Validation Loss: ', 0.551445)
(' Test Accuracy: ', 1.0, ' Test Loss: ', 0.55144477)
('Epoch ', 33, ' Training Accuracy: ', 0.9992341, ' Training Loss: ', 0.55465627, ' Validation Accuracy: ', 1.0, ' Validation Loss: ', 0.55144495)
(' Test Accuracy: ', 1.0, ' Test Loss: ', 0.55144477)
('Epoch ', 34, ' Training Accuracy: ', 0.99925596, ' Training Loss: ', 0.55456454, ' Validation Accuracy: ', 1.0, ' Validation Loss: ', 0.55144495)
(' Test Accuracy: ', 1.0, ' Test Loss: ', 0.55144477)
('Epoch ', 35, ' Training Accuracy: ', 0.99927664, ' Training Loss: ', 0.5544779, ' Validation Accuracy: ', 1.0, ' Validation Loss: ', 0.551445)
(' Test Accuracy: ', 1.0, ' Test Loss: ', 0.55144477)
('Epoch ', 36, ' Training Accuracy: ', 0.9992962, ' Training Loss: ', 0.55439585, ' Validation Accuracy: ', 1.0, ' Validation Loss: ', 0.551445)
(' Test Accuracy: ', 1.0, ' Test Loss: ', 0.5514448)
('Epoch ', 37, ' Training Accuracy: ', 0.99931467, ' Training Loss: ', 0.5543182, ' Validation Accuracy: ', 1.0, ' Validation Loss: ', 0.55144495)
(' Test Accuracy: ', 1.0, ' Test Loss: ', 0.5514448)
('Epoch ', 38, ' Training Accuracy: ', 0.99933225, ' Training Loss: ', 0.5542445, ' Validation Accuracy: ', 1.0, ' Validation Loss: ', 0.55144495)
(' Test Accuracy: ', 1.0, ' Test Loss: ', 0.5514448)
('Epoch ', 39, ' Training Accuracy: ', 0.99934894, ' Training Loss: ', 0.55417454, ' Validation Accuracy: ', 1.0, ' Validation Loss: ', 0.55144495)
(' Test Accuracy: ', 1.0, ' Test Loss: ', 0.5514448)
